Using pre-set license
Built from '2020.2/release' branch; Version is '2020.2.0f1 (3721df5a8b28) revision 3613151'; Using compiler version '192528614'; Build Type 'Release'
OS: 'Windows 10  (10.0.0) 64bit' Language: 'en' Physical Memory: 16296 MB
BatchMode: 1, IsHumanControllingUs: 0, StartBugReporterOnCrash: 0, Is64bit: 1, IsPro: 0

 COMMAND LINE ARGUMENTS:
C:\Program Files\Unity\Hub\Editor\Unity\Editor\Unity.exe
-adb2
-batchMode
-noUpm
-name
AssetImportWorker0
-projectPath
C:/Users/yaniv/Desktop/MultiplayerSystems/Streaming/StreamingDataLab/StreamingDataLab
-logFile
Logs/AssetImportWorker0.log
-srvPort
53553
Successfully changed project path to: C:/Users/yaniv/Desktop/MultiplayerSystems/Streaming/StreamingDataLab/StreamingDataLab
C:/Users/yaniv/Desktop/MultiplayerSystems/Streaming/StreamingDataLab/StreamingDataLab
Using Asset Import Pipeline V2.
Refreshing native plugins compatible for Editor in 31.35 ms, found 1 plugins.
Preloading 0 native plugins for Editor in 0.00 ms.
Initialize engine version: 2020.2.0f1 (3721df5a8b28)
[Subsystems] Discovering subsystems at path C:/Program Files/Unity/Hub/Editor/Unity/Editor/Data/Resources/UnitySubsystems
[Subsystems] Discovering subsystems at path C:/Users/yaniv/Desktop/MultiplayerSystems/Streaming/StreamingDataLab/StreamingDataLab/Assets
GfxDevice: creating device client; threaded=0
Direct3D:
    Version:  Direct3D 11.0 [level 11.1]
    Renderer: NVIDIA GeForce RTX 2060 SUPER (ID=0x1f06)
    Vendor:   
    VRAM:     8031 MB
    Driver:   27.21.14.6647
Initialize mono
Mono path[0] = 'C:/Program Files/Unity/Hub/Editor/Unity/Editor/Data/Managed'
Mono path[1] = 'C:/Program Files/Unity/Hub/Editor/Unity/Editor/Data/MonoBleedingEdge/lib/mono/unityjit'
Mono config path = 'C:/Program Files/Unity/Hub/Editor/Unity/Editor/Data/MonoBleedingEdge/etc'
Using monoOptions --debugger-agent=transport=dt_socket,embedding=1,server=y,suspend=n,address=127.0.0.1:56120
Begin MonoManager ReloadAssembly
Registering precompiled unity dll's ...
Register platform support module: C:/Program Files/Unity/Hub/Editor/Unity/Editor/Data/PlaybackEngines/WindowsStandaloneSupport/UnityEditor.WindowsStandalone.Extensions.dll
Registered in 0.001632 seconds.
Native extension for WindowsStandalone target not found
Refreshing native plugins compatible for Editor in 29.41 ms, found 1 plugins.
Preloading 0 native plugins for Editor in 0.00 ms.
Invoked RoslynAnalysisRunner static constructor.
RoslynAnalysisRunner will not be running.
RoslynAnalysisRunner has terminated.
Mono: successfully reloaded assembly
- Completed reload, in  0.856 seconds
Platform modules already initialized, skipping
Registering precompiled user dll's ...
Registered in 0.000897 seconds.
Begin MonoManager ReloadAssembly
Native extension for WindowsStandalone target not found
Refreshing native plugins compatible for Editor in 29.33 ms, found 1 plugins.
Preloading 0 native plugins for Editor in 0.00 ms.
Invoked RoslynAnalysisRunner static constructor.
RoslynAnalysisRunner will not be running.
RoslynAnalysisRunner has terminated.
Mono: successfully reloaded assembly
- Completed reload, in  0.773 seconds
Platform modules already initialized, skipping
========================================================================
Worker process is ready to serve import requests
Launched and connected shader compiler UnityShaderCompiler.exe after 0.04 seconds
Refreshing native plugins compatible for Editor in 0.38 ms, found 1 plugins.
Preloading 0 native plugins for Editor in 0.00 ms.
Unloading 1790 Unused Serialized files (Serialized files now loaded: 0)
System memory in use before: 84.3 MB.
System memory in use after: 84.3 MB.

Unloading 24 unused Assets to reduce memory usage. Loaded Objects now: 2230.
Total: 1.700600 ms (FindLiveObjects: 0.219700 ms CreateObjectMapping: 0.077700 ms MarkObjects: 1.314900 ms  DeleteObjects: 0.087300 ms)

========================================================================
Received Import Request.
  path: Assets/Assignment.cs
  artifactKey: Guid(1103628904a12489da52a101bc65a29c) Importer(815301076,1909f56bfc062723c751e8b465ee728b)
Start importing Assets/Assignment.cs using Guid(1103628904a12489da52a101bc65a29c) Importer(815301076,1909f56bfc062723c751e8b465ee728b)  -> (artifact id: '8a7173d3caaf87f57b198d4fa4b14a81') in 0.021344 seconds
  Import took 0.023724 seconds .

========================================================================
Received Prepare
Refreshing native plugins compatible for Editor in 2.05 ms, found 1 plugins.
Preloading 0 native plugins for Editor in 0.00 ms.
Unloading 10 Unused Serialized files (Serialized files now loaded: 0)
System memory in use before: 48.5 MB.
System memory in use after: 48.5 MB.

Unloading 10 unused Assets to reduce memory usage. Loaded Objects now: 2230.
Total: 1.706800 ms (FindLiveObjects: 0.223500 ms CreateObjectMapping: 0.067300 ms MarkObjects: 1.258100 ms  DeleteObjects: 0.156000 ms)

========================================================================
Received Prepare
Registering precompiled user dll's ...
Registered in 0.000977 seconds.
Begin MonoManager ReloadAssembly
Native extension for WindowsStandalone target not found
Refreshing native plugins compatible for Editor in 0.44 ms, found 1 plugins.
Preloading 0 native plugins for Editor in 0.00 ms.
Invoked RoslynAnalysisRunner static constructor.
RoslynAnalysisRunner will not be running.
RoslynAnalysisRunner has terminated.
Mono: successfully reloaded assembly
- Completed reload, in  0.702 seconds
Platform modules already initialized, skipping
Refreshing native plugins compatible for Editor in 0.40 ms, found 1 plugins.
Preloading 0 native plugins for Editor in 0.00 ms.
Unloading 1785 Unused Serialized files (Serialized files now loaded: 0)
System memory in use before: 84.4 MB.
System memory in use after: 84.4 MB.

Unloading 12 unused Assets to reduce memory usage. Loaded Objects now: 2233.
Total: 1.664000 ms (FindLiveObjects: 0.239800 ms CreateObjectMapping: 0.096500 ms MarkObjects: 1.246700 ms  DeleteObjects: 0.080200 ms)

========================================================================
Received Import Request.
  Time since last request: 99.282507 seconds.
  path: Assets/Assignment.cs
  artifactKey: Guid(1103628904a12489da52a101bc65a29c) Importer(815301076,1909f56bfc062723c751e8b465ee728b)
Start importing Assets/Assignment.cs using Guid(1103628904a12489da52a101bc65a29c) Importer(815301076,1909f56bfc062723c751e8b465ee728b)  -> (artifact id: '2ee14a287d2bdf8d2ed2e686a3e216b3') in 0.003888 seconds
  Import took 0.006244 seconds .

========================================================================
Received Import Request.
  Time since last request: 0.002223 seconds.
  path: Assets/Assignment.cs
  artifactKey: Guid(1103628904a12489da52a101bc65a29c) Importer(815301076,1909f56bfc062723c751e8b465ee728b)
Start importing Assets/Assignment.cs using Guid(1103628904a12489da52a101bc65a29c) Importer(815301076,1909f56bfc062723c751e8b465ee728b)  -> (artifact id: '2ee14a287d2bdf8d2ed2e686a3e216b3') in 0.002234 seconds
  Import took 0.005221 seconds .

========================================================================
Received Prepare
Registering precompiled user dll's ...
Registered in 0.000919 seconds.
Begin MonoManager ReloadAssembly
Native extension for WindowsStandalone target not found
Refreshing native plugins compatible for Editor in 1.25 ms, found 1 plugins.
Preloading 0 native plugins for Editor in 0.00 ms.
Invoked RoslynAnalysisRunner static constructor.
RoslynAnalysisRunner will not be running.
RoslynAnalysisRunner has terminated.
Mono: successfully reloaded assembly
- Completed reload, in  0.732 seconds
Platform modules already initialized, skipping
Refreshing native plugins compatible for Editor in 0.34 ms, found 1 plugins.
Preloading 0 native plugins for Editor in 0.00 ms.
Unloading 1785 Unused Serialized files (Serialized files now loaded: 0)
System memory in use before: 84.5 MB.
System memory in use after: 84.5 MB.

Unloading 12 unused Assets to reduce memory usage. Loaded Objects now: 2236.
Total: 1.712100 ms (FindLiveObjects: 0.222300 ms CreateObjectMapping: 0.071200 ms MarkObjects: 1.327000 ms  DeleteObjects: 0.089800 ms)

========================================================================
Received Prepare
Registering precompiled user dll's ...
Registered in 0.000972 seconds.
Begin MonoManager ReloadAssembly
Native extension for WindowsStandalone target not found
Refreshing native plugins compatible for Editor in 0.36 ms, found 1 plugins.
Preloading 0 native plugins for Editor in 0.00 ms.
Invoked RoslynAnalysisRunner static constructor.
RoslynAnalysisRunner will not be running.
RoslynAnalysisRunner has terminated.
Mono: successfully reloaded assembly
- Completed reload, in  0.732 seconds
Platform modules already initialized, skipping
Refreshing native plugins compatible for Editor in 0.33 ms, found 1 plugins.
Preloading 0 native plugins for Editor in 0.00 ms.
Unloading 1785 Unused Serialized files (Serialized files now loaded: 0)
System memory in use before: 84.6 MB.
System memory in use after: 84.6 MB.

Unloading 12 unused Assets to reduce memory usage. Loaded Objects now: 2239.
Total: 2.060800 ms (FindLiveObjects: 0.359400 ms CreateObjectMapping: 0.091400 ms MarkObjects: 1.527600 ms  DeleteObjects: 0.081000 ms)

========================================================================
Received Import Request.
  Time since last request: 64.307879 seconds.
  path: Assets/Assignment.cs
  artifactKey: Guid(1103628904a12489da52a101bc65a29c) Importer(815301076,1909f56bfc062723c751e8b465ee728b)
Start importing Assets/Assignment.cs using Guid(1103628904a12489da52a101bc65a29c) Importer(815301076,1909f56bfc062723c751e8b465ee728b)  -> (artifact id: '409f63f8b673ec1bf19df8bbb500b2c7') in 0.004178 seconds
  Import took 0.006632 seconds .

========================================================================
Received Import Request.
  Time since last request: 0.001504 seconds.
  path: Assets/Assignment.cs
  artifactKey: Guid(1103628904a12489da52a101bc65a29c) Importer(815301076,1909f56bfc062723c751e8b465ee728b)
Start importing Assets/Assignment.cs using Guid(1103628904a12489da52a101bc65a29c) Importer(815301076,1909f56bfc062723c751e8b465ee728b)  -> (artifact id: '409f63f8b673ec1bf19df8bbb500b2c7') in 0.001586 seconds
  Import took 0.003857 seconds .

========================================================================
Received Prepare
Registering precompiled user dll's ...
Registered in 0.001427 seconds.
Begin MonoManager ReloadAssembly
Native extension for WindowsStandalone target not found
Refreshing native plugins compatible for Editor in 0.33 ms, found 1 plugins.
Preloading 0 native plugins for Editor in 0.00 ms.
Invoked RoslynAnalysisRunner static constructor.
RoslynAnalysisRunner will not be running.
RoslynAnalysisRunner has terminated.
Mono: successfully reloaded assembly
- Completed reload, in  0.908 seconds
Platform modules already initialized, skipping
Refreshing native plugins compatible for Editor in 0.48 ms, found 1 plugins.
Preloading 0 native plugins for Editor in 0.00 ms.
Unloading 1785 Unused Serialized files (Serialized files now loaded: 0)
System memory in use before: 84.7 MB.
System memory in use after: 84.7 MB.

Unloading 12 unused Assets to reduce memory usage. Loaded Objects now: 2242.
Total: 2.435700 ms (FindLiveObjects: 0.365800 ms CreateObjectMapping: 0.142100 ms MarkObjects: 1.796300 ms  DeleteObjects: 0.129900 ms)

========================================================================
Received Prepare
Registering precompiled user dll's ...
Registered in 0.001100 seconds.
Begin MonoManager ReloadAssembly
Native extension for WindowsStandalone target not found
Refreshing native plugins compatible for Editor in 0.31 ms, found 1 plugins.
Preloading 0 native plugins for Editor in 0.00 ms.
Invoked RoslynAnalysisRunner static constructor.
RoslynAnalysisRunner will not be running.
RoslynAnalysisRunner has terminated.
Mono: successfully reloaded assembly
- Completed reload, in  0.759 seconds
Platform modules already initialized, skipping
Refreshing native plugins compatible for Editor in 0.31 ms, found 1 plugins.
Preloading 0 native plugins for Editor in 0.00 ms.
Unloading 1785 Unused Serialized files (Serialized files now loaded: 0)
System memory in use before: 84.8 MB.
System memory in use after: 84.8 MB.

Unloading 12 unused Assets to reduce memory usage. Loaded Objects now: 2245.
Total: 1.795000 ms (FindLiveObjects: 0.181400 ms CreateObjectMapping: 0.073300 ms MarkObjects: 1.442500 ms  DeleteObjects: 0.097000 ms)

========================================================================
Received Import Request.
  Time since last request: 82.509677 seconds.
  path: Assets/Assignment.cs
  artifactKey: Guid(1103628904a12489da52a101bc65a29c) Importer(815301076,1909f56bfc062723c751e8b465ee728b)
Start importing Assets/Assignment.cs using Guid(1103628904a12489da52a101bc65a29c) Importer(815301076,1909f56bfc062723c751e8b465ee728b)  -> (artifact id: '2c3f0ceaee2b1f42af9bc6180eb58408') in 0.004101 seconds
  Import took 0.006529 seconds .

========================================================================
Received Prepare
Registering precompiled user dll's ...
Registered in 0.001038 seconds.
Begin MonoManager ReloadAssembly
Native extension for WindowsStandalone target not found
Refreshing native plugins compatible for Editor in 0.32 ms, found 1 plugins.
Preloading 0 native plugins for Editor in 0.00 ms.
Invoked RoslynAnalysisRunner static constructor.
RoslynAnalysisRunner will not be running.
RoslynAnalysisRunner has terminated.
Mono: successfully reloaded assembly
- Completed reload, in  0.686 seconds
Platform modules already initialized, skipping
Refreshing native plugins compatible for Editor in 0.38 ms, found 1 plugins.
Preloading 0 native plugins for Editor in 0.00 ms.
Unloading 1785 Unused Serialized files (Serialized files now loaded: 0)
System memory in use before: 84.9 MB.
System memory in use after: 84.9 MB.

Unloading 12 unused Assets to reduce memory usage. Loaded Objects now: 2248.
Total: 3.019100 ms (FindLiveObjects: 0.259000 ms CreateObjectMapping: 0.084200 ms MarkObjects: 2.574000 ms  DeleteObjects: 0.099700 ms)

========================================================================
Received Import Request.
  Time since last request: 173.015739 seconds.
  path: Assets/Assignment.cs
  artifactKey: Guid(1103628904a12489da52a101bc65a29c) Importer(815301076,1909f56bfc062723c751e8b465ee728b)
Start importing Assets/Assignment.cs using Guid(1103628904a12489da52a101bc65a29c) Importer(815301076,1909f56bfc062723c751e8b465ee728b)  -> (artifact id: '5a7a77899be3bc4dcad57944e80aa1f8') in 0.005017 seconds
  Import took 0.007805 seconds .

========================================================================
Received Import Request.
  Time since last request: 0.023502 seconds.
  path: Assets/Assignment.cs
  artifactKey: Guid(1103628904a12489da52a101bc65a29c) Importer(815301076,1909f56bfc062723c751e8b465ee728b)
Start importing Assets/Assignment.cs using Guid(1103628904a12489da52a101bc65a29c) Importer(815301076,1909f56bfc062723c751e8b465ee728b)  -> (artifact id: '5a7a77899be3bc4dcad57944e80aa1f8') in 0.001737 seconds
  Import took 0.004823 seconds .

AssetImportWorkerClient::OnTransportError - code=2 error=End of file
