Using pre-set license
Built from '2020.2/release' branch; Version is '2020.2.0f1 (3721df5a8b28) revision 3613151'; Using compiler version '192528614'; Build Type 'Release'
OS: 'Windows 10  (10.0.0) 64bit' Language: 'en' Physical Memory: 16296 MB
BatchMode: 1, IsHumanControllingUs: 0, StartBugReporterOnCrash: 0, Is64bit: 1, IsPro: 0

 COMMAND LINE ARGUMENTS:
C:\Program Files\Unity\Hub\Editor\Unity\Editor\Unity.exe
-adb2
-batchMode
-noUpm
-name
AssetImportWorker0
-projectPath
C:/Users/yaniv/Desktop/MultiplayerSystems/Streaming/StreamingDataLab/StreamingDataLab
-logFile
Logs/AssetImportWorker0.log
-srvPort
62487
Successfully changed project path to: C:/Users/yaniv/Desktop/MultiplayerSystems/Streaming/StreamingDataLab/StreamingDataLab
C:/Users/yaniv/Desktop/MultiplayerSystems/Streaming/StreamingDataLab/StreamingDataLab
Using Asset Import Pipeline V2.
Refreshing native plugins compatible for Editor in 34.77 ms, found 1 plugins.
Preloading 0 native plugins for Editor in 0.00 ms.
Initialize engine version: 2020.2.0f1 (3721df5a8b28)
[Subsystems] Discovering subsystems at path C:/Program Files/Unity/Hub/Editor/Unity/Editor/Data/Resources/UnitySubsystems
[Subsystems] Discovering subsystems at path C:/Users/yaniv/Desktop/MultiplayerSystems/Streaming/StreamingDataLab/StreamingDataLab/Assets
GfxDevice: creating device client; threaded=0
Direct3D:
    Version:  Direct3D 11.0 [level 11.1]
    Renderer: NVIDIA GeForce RTX 2060 SUPER (ID=0x1f06)
    Vendor:   
    VRAM:     8031 MB
    Driver:   27.21.14.6647
Initialize mono
Mono path[0] = 'C:/Program Files/Unity/Hub/Editor/Unity/Editor/Data/Managed'
Mono path[1] = 'C:/Program Files/Unity/Hub/Editor/Unity/Editor/Data/MonoBleedingEdge/lib/mono/unityjit'
Mono config path = 'C:/Program Files/Unity/Hub/Editor/Unity/Editor/Data/MonoBleedingEdge/etc'
Using monoOptions --debugger-agent=transport=dt_socket,embedding=1,server=y,suspend=n,address=127.0.0.1:56728
Begin MonoManager ReloadAssembly
Registering precompiled unity dll's ...
Register platform support module: C:/Program Files/Unity/Hub/Editor/Unity/Editor/Data/PlaybackEngines/WindowsStandaloneSupport/UnityEditor.WindowsStandalone.Extensions.dll
Registered in 0.001998 seconds.
Native extension for WindowsStandalone target not found
Refreshing native plugins compatible for Editor in 31.10 ms, found 1 plugins.
Preloading 0 native plugins for Editor in 0.00 ms.
Invoked RoslynAnalysisRunner static constructor.
RoslynAnalysisRunner will not be running.
RoslynAnalysisRunner has terminated.
Mono: successfully reloaded assembly
- Completed reload, in  0.969 seconds
Platform modules already initialized, skipping
Registering precompiled user dll's ...
Registered in 0.000968 seconds.
Begin MonoManager ReloadAssembly
Native extension for WindowsStandalone target not found
Refreshing native plugins compatible for Editor in 40.30 ms, found 1 plugins.
Preloading 0 native plugins for Editor in 0.00 ms.
Invoked RoslynAnalysisRunner static constructor.
RoslynAnalysisRunner will not be running.
RoslynAnalysisRunner has terminated.
Mono: successfully reloaded assembly
- Completed reload, in  0.835 seconds
Platform modules already initialized, skipping
========================================================================
Worker process is ready to serve import requests
Launched and connected shader compiler UnityShaderCompiler.exe after 0.05 seconds
Refreshing native plugins compatible for Editor in 0.44 ms, found 1 plugins.
Preloading 0 native plugins for Editor in 0.00 ms.
Unloading 1790 Unused Serialized files (Serialized files now loaded: 0)
System memory in use before: 84.3 MB.
System memory in use after: 84.3 MB.

Unloading 24 unused Assets to reduce memory usage. Loaded Objects now: 2230.
Total: 1.898300 ms (FindLiveObjects: 0.289000 ms CreateObjectMapping: 0.093800 ms MarkObjects: 1.421100 ms  DeleteObjects: 0.093500 ms)

========================================================================
Received Import Request.
  path: Assets/Assignment.cs
  artifactKey: Guid(1103628904a12489da52a101bc65a29c) Importer(815301076,1909f56bfc062723c751e8b465ee728b)
Start importing Assets/Assignment.cs using Guid(1103628904a12489da52a101bc65a29c) Importer(815301076,1909f56bfc062723c751e8b465ee728b)  -> (artifact id: '65cafbb6a3490d55b307f2404ee37719') in 0.022954 seconds
  Import took 0.025619 seconds .

========================================================================
Received Prepare
Refreshing native plugins compatible for Editor in 1.84 ms, found 1 plugins.
Preloading 0 native plugins for Editor in 0.00 ms.
Unloading 10 Unused Serialized files (Serialized files now loaded: 0)
System memory in use before: 48.5 MB.
System memory in use after: 48.5 MB.

Unloading 10 unused Assets to reduce memory usage. Loaded Objects now: 2230.
Total: 2.764600 ms (FindLiveObjects: 0.563200 ms CreateObjectMapping: 0.159700 ms MarkObjects: 1.934800 ms  DeleteObjects: 0.103500 ms)

========================================================================
Received Import Request.
  Time since last request: 147.095970 seconds.
  path: Assets/Party.txt
  artifactKey: Guid(d66423f9a4b725244b131bd62d823a16) Importer(815301076,1909f56bfc062723c751e8b465ee728b)
Start importing Assets/Party.txt using Guid(d66423f9a4b725244b131bd62d823a16) Importer(815301076,1909f56bfc062723c751e8b465ee728b)  -> (artifact id: 'e719c04bd76f3cad6268183441d0e134') in 0.014300 seconds
  Import took 0.016828 seconds .

========================================================================
Received Prepare
Registering precompiled user dll's ...
Registered in 0.000982 seconds.
Begin MonoManager ReloadAssembly
Native extension for WindowsStandalone target not found
Refreshing native plugins compatible for Editor in 0.32 ms, found 1 plugins.
Preloading 0 native plugins for Editor in 0.00 ms.
Invoked RoslynAnalysisRunner static constructor.
RoslynAnalysisRunner will not be running.
RoslynAnalysisRunner has terminated.
Mono: successfully reloaded assembly
- Completed reload, in  0.727 seconds
Platform modules already initialized, skipping
Refreshing native plugins compatible for Editor in 0.33 ms, found 1 plugins.
Preloading 0 native plugins for Editor in 0.00 ms.
Unloading 1785 Unused Serialized files (Serialized files now loaded: 0)
System memory in use before: 84.4 MB.
System memory in use after: 84.4 MB.

Unloading 12 unused Assets to reduce memory usage. Loaded Objects now: 2233.
Total: 1.894000 ms (FindLiveObjects: 0.291000 ms CreateObjectMapping: 0.126300 ms MarkObjects: 1.369700 ms  DeleteObjects: 0.105900 ms)

========================================================================
Received Prepare
Registering precompiled user dll's ...
Registered in 0.001202 seconds.
Begin MonoManager ReloadAssembly
Native extension for WindowsStandalone target not found
Refreshing native plugins compatible for Editor in 0.44 ms, found 1 plugins.
Preloading 0 native plugins for Editor in 0.00 ms.
Invoked RoslynAnalysisRunner static constructor.
RoslynAnalysisRunner will not be running.
RoslynAnalysisRunner has terminated.
Mono: successfully reloaded assembly
- Completed reload, in  0.707 seconds
Platform modules already initialized, skipping
Refreshing native plugins compatible for Editor in 0.80 ms, found 1 plugins.
Preloading 0 native plugins for Editor in 0.00 ms.
Unloading 1785 Unused Serialized files (Serialized files now loaded: 0)
System memory in use before: 84.5 MB.
System memory in use after: 84.5 MB.

Unloading 12 unused Assets to reduce memory usage. Loaded Objects now: 2236.
Total: 1.712900 ms (FindLiveObjects: 0.204700 ms CreateObjectMapping: 0.071000 ms MarkObjects: 1.354200 ms  DeleteObjects: 0.081300 ms)

========================================================================
Received Import Request.
  Time since last request: 1182.707607 seconds.
  path: Assets/Party.txt
  artifactKey: Guid(d66423f9a4b725244b131bd62d823a16) Importer(815301076,1909f56bfc062723c751e8b465ee728b)
Start importing Assets/Party.txt using Guid(d66423f9a4b725244b131bd62d823a16) Importer(815301076,1909f56bfc062723c751e8b465ee728b)  -> (artifact id: 'ff657061fc5f9603f1974c0e40d7efec') in 0.008790 seconds
  Import took 0.011391 seconds .

========================================================================
Received Prepare
Registering precompiled user dll's ...
Registered in 0.001006 seconds.
Begin MonoManager ReloadAssembly
Native extension for WindowsStandalone target not found
Refreshing native plugins compatible for Editor in 0.57 ms, found 1 plugins.
Preloading 0 native plugins for Editor in 0.00 ms.
Invoked RoslynAnalysisRunner static constructor.
RoslynAnalysisRunner will not be running.
RoslynAnalysisRunner has terminated.
Mono: successfully reloaded assembly
- Completed reload, in  0.708 seconds
Platform modules already initialized, skipping
Refreshing native plugins compatible for Editor in 0.44 ms, found 1 plugins.
Preloading 0 native plugins for Editor in 0.00 ms.
Unloading 1785 Unused Serialized files (Serialized files now loaded: 0)
System memory in use before: 84.6 MB.
System memory in use after: 84.6 MB.

Unloading 12 unused Assets to reduce memory usage. Loaded Objects now: 2239.
Total: 1.728000 ms (FindLiveObjects: 0.243000 ms CreateObjectMapping: 0.062900 ms MarkObjects: 1.335700 ms  DeleteObjects: 0.085500 ms)

========================================================================
Received Import Request.
  Time since last request: 681.854563 seconds.
  path: Assets/Party.txt
  artifactKey: Guid(d66423f9a4b725244b131bd62d823a16) Importer(815301076,1909f56bfc062723c751e8b465ee728b)
Start importing Assets/Party.txt using Guid(d66423f9a4b725244b131bd62d823a16) Importer(815301076,1909f56bfc062723c751e8b465ee728b)  -> (artifact id: 'ad640376b2ef52dc749c5a89ba26fd4a') in 0.012864 seconds
  Import took 0.015402 seconds .

========================================================================
Received Import Request.
  Time since last request: 0.043382 seconds.
  path: Assets/Party.txt
  artifactKey: Guid(d66423f9a4b725244b131bd62d823a16) Importer(815301076,1909f56bfc062723c751e8b465ee728b)
Start importing Assets/Party.txt using Guid(d66423f9a4b725244b131bd62d823a16) Importer(815301076,1909f56bfc062723c751e8b465ee728b)  -> (artifact id: 'ad640376b2ef52dc749c5a89ba26fd4a') in 0.002245 seconds
  Import took 0.005099 seconds .

========================================================================
Received Prepare
Registering precompiled user dll's ...
Registered in 0.002254 seconds.
Begin MonoManager ReloadAssembly
Native extension for WindowsStandalone target not found
Refreshing native plugins compatible for Editor in 0.31 ms, found 1 plugins.
Preloading 0 native plugins for Editor in 0.00 ms.
Invoked RoslynAnalysisRunner static constructor.
RoslynAnalysisRunner will not be running.
RoslynAnalysisRunner has terminated.
Mono: successfully reloaded assembly
- Completed reload, in  0.738 seconds
Platform modules already initialized, skipping
Refreshing native plugins compatible for Editor in 0.64 ms, found 1 plugins.
Preloading 0 native plugins for Editor in 0.00 ms.
Unloading 1785 Unused Serialized files (Serialized files now loaded: 0)
System memory in use before: 84.7 MB.
System memory in use after: 84.7 MB.

Unloading 12 unused Assets to reduce memory usage. Loaded Objects now: 2242.
Total: 1.694800 ms (FindLiveObjects: 0.236000 ms CreateObjectMapping: 0.110900 ms MarkObjects: 1.266300 ms  DeleteObjects: 0.080800 ms)

========================================================================
Received Import Request.
  Time since last request: 42.836658 seconds.
  path: Assets/Party.txt
  artifactKey: Guid(d66423f9a4b725244b131bd62d823a16) Importer(815301076,1909f56bfc062723c751e8b465ee728b)
Start importing Assets/Party.txt using Guid(d66423f9a4b725244b131bd62d823a16) Importer(815301076,1909f56bfc062723c751e8b465ee728b)  -> (artifact id: '6a9e62c8f34ffded81c1c9fc9a3ee94f') in 0.009395 seconds
  Import took 0.012689 seconds .

========================================================================
Received Prepare
Registering precompiled user dll's ...
Registered in 0.001242 seconds.
Begin MonoManager ReloadAssembly
Native extension for WindowsStandalone target not found
Refreshing native plugins compatible for Editor in 0.43 ms, found 1 plugins.
Preloading 0 native plugins for Editor in 0.00 ms.
Invoked RoslynAnalysisRunner static constructor.
RoslynAnalysisRunner will not be running.
RoslynAnalysisRunner has terminated.
Mono: successfully reloaded assembly
- Completed reload, in  0.886 seconds
Platform modules already initialized, skipping
Refreshing native plugins compatible for Editor in 0.64 ms, found 1 plugins.
Preloading 0 native plugins for Editor in 0.00 ms.
Unloading 1785 Unused Serialized files (Serialized files now loaded: 0)
System memory in use before: 84.8 MB.
System memory in use after: 84.8 MB.

Unloading 12 unused Assets to reduce memory usage. Loaded Objects now: 2245.
Total: 3.841800 ms (FindLiveObjects: 0.387200 ms CreateObjectMapping: 0.114300 ms MarkObjects: 3.131600 ms  DeleteObjects: 0.206800 ms)

========================================================================
Received Import Request.
  Time since last request: 36.646218 seconds.
  path: Assets/Party.txt
  artifactKey: Guid(d66423f9a4b725244b131bd62d823a16) Importer(815301076,1909f56bfc062723c751e8b465ee728b)
Start importing Assets/Party.txt using Guid(d66423f9a4b725244b131bd62d823a16) Importer(815301076,1909f56bfc062723c751e8b465ee728b)  -> (artifact id: 'c2a4785435e12c3a909ce712f367f7b6') in 0.013166 seconds
  Import took 0.016163 seconds .

========================================================================
Received Prepare
Registering precompiled user dll's ...
Registered in 0.001674 seconds.
Begin MonoManager ReloadAssembly
Native extension for WindowsStandalone target not found
Refreshing native plugins compatible for Editor in 0.35 ms, found 1 plugins.
Preloading 0 native plugins for Editor in 0.00 ms.
Invoked RoslynAnalysisRunner static constructor.
RoslynAnalysisRunner will not be running.
RoslynAnalysisRunner has terminated.
Mono: successfully reloaded assembly
- Completed reload, in  0.862 seconds
Platform modules already initialized, skipping
Refreshing native plugins compatible for Editor in 0.61 ms, found 1 plugins.
Preloading 0 native plugins for Editor in 0.00 ms.
Unloading 1785 Unused Serialized files (Serialized files now loaded: 0)
System memory in use before: 84.9 MB.
System memory in use after: 84.9 MB.

Unloading 12 unused Assets to reduce memory usage. Loaded Objects now: 2248.
Total: 3.120900 ms (FindLiveObjects: 0.233000 ms CreateObjectMapping: 0.067800 ms MarkObjects: 2.694600 ms  DeleteObjects: 0.123400 ms)

========================================================================
Received Prepare
Registering precompiled user dll's ...
Registered in 0.001817 seconds.
Begin MonoManager ReloadAssembly
Native extension for WindowsStandalone target not found
Refreshing native plugins compatible for Editor in 0.34 ms, found 1 plugins.
Preloading 0 native plugins for Editor in 0.00 ms.
Invoked RoslynAnalysisRunner static constructor.
RoslynAnalysisRunner will not be running.
RoslynAnalysisRunner has terminated.
Mono: successfully reloaded assembly
- Completed reload, in  0.757 seconds
Platform modules already initialized, skipping
Refreshing native plugins compatible for Editor in 0.51 ms, found 1 plugins.
Preloading 0 native plugins for Editor in 0.00 ms.
Unloading 1785 Unused Serialized files (Serialized files now loaded: 0)
System memory in use before: 85.0 MB.
System memory in use after: 85.0 MB.

Unloading 12 unused Assets to reduce memory usage. Loaded Objects now: 2251.
Total: 1.705000 ms (FindLiveObjects: 0.202500 ms CreateObjectMapping: 0.059300 ms MarkObjects: 1.356300 ms  DeleteObjects: 0.085600 ms)

========================================================================
Received Import Request.
  Time since last request: 70.000562 seconds.
  path: Assets/Party.txt
  artifactKey: Guid(d66423f9a4b725244b131bd62d823a16) Importer(815301076,1909f56bfc062723c751e8b465ee728b)
Start importing Assets/Party.txt using Guid(d66423f9a4b725244b131bd62d823a16) Importer(815301076,1909f56bfc062723c751e8b465ee728b)  -> (artifact id: 'f3afaf4dbc0f6b579359e58ae2980f8f') in 0.011685 seconds
  Import took 0.019974 seconds .

========================================================================
Received Import Request.
  Time since last request: 3.219081 seconds.
  path: Assets/SystemManager.cs
  artifactKey: Guid(af7861bf2afa546b0b78f77446a64ec8) Importer(815301076,1909f56bfc062723c751e8b465ee728b)
Start importing Assets/SystemManager.cs using Guid(af7861bf2afa546b0b78f77446a64ec8) Importer(815301076,1909f56bfc062723c751e8b465ee728b)  -> (artifact id: '4811e4e0709a033935590c0562259ff5') in 0.001914 seconds
  Import took 0.005224 seconds .

========================================================================
Received Import Request.
  Time since last request: 0.001426 seconds.
  path: Assets/SystemManager.cs
  artifactKey: Guid(af7861bf2afa546b0b78f77446a64ec8) Importer(815301076,1909f56bfc062723c751e8b465ee728b)
Start importing Assets/SystemManager.cs using Guid(af7861bf2afa546b0b78f77446a64ec8) Importer(815301076,1909f56bfc062723c751e8b465ee728b)  -> (artifact id: '4811e4e0709a033935590c0562259ff5') in 0.001730 seconds
  Import took 0.003985 seconds .

========================================================================
Received Import Request.
  Time since last request: 0.491487 seconds.
  path: Assets/Assignment.cs
  artifactKey: Guid(1103628904a12489da52a101bc65a29c) Importer(815301076,1909f56bfc062723c751e8b465ee728b)
Start importing Assets/Assignment.cs using Guid(1103628904a12489da52a101bc65a29c) Importer(815301076,1909f56bfc062723c751e8b465ee728b)  -> (artifact id: '1dfc4a2339cfdb035c902734dc4ebfa7') in 0.002489 seconds
  Import took 0.012049 seconds .

========================================================================
Received Prepare
Registering precompiled user dll's ...
Registered in 0.001036 seconds.
Begin MonoManager ReloadAssembly
Native extension for WindowsStandalone target not found
Refreshing native plugins compatible for Editor in 0.48 ms, found 1 plugins.
Preloading 0 native plugins for Editor in 0.00 ms.
Invoked RoslynAnalysisRunner static constructor.
RoslynAnalysisRunner will not be running.
RoslynAnalysisRunner has terminated.
Mono: successfully reloaded assembly
- Completed reload, in  0.846 seconds
Platform modules already initialized, skipping
Refreshing native plugins compatible for Editor in 0.41 ms, found 1 plugins.
Preloading 0 native plugins for Editor in 0.00 ms.
Unloading 1785 Unused Serialized files (Serialized files now loaded: 0)
System memory in use before: 85.0 MB.
System memory in use after: 85.0 MB.

Unloading 12 unused Assets to reduce memory usage. Loaded Objects now: 2254.
Total: 3.079700 ms (FindLiveObjects: 0.174000 ms CreateObjectMapping: 0.067800 ms MarkObjects: 2.641400 ms  DeleteObjects: 0.194700 ms)

========================================================================
Received Prepare
Registering precompiled user dll's ...
Registered in 0.001293 seconds.
Begin MonoManager ReloadAssembly
Native extension for WindowsStandalone target not found
Refreshing native plugins compatible for Editor in 0.47 ms, found 1 plugins.
Preloading 0 native plugins for Editor in 0.00 ms.
Invoked RoslynAnalysisRunner static constructor.
RoslynAnalysisRunner will not be running.
RoslynAnalysisRunner has terminated.
Mono: successfully reloaded assembly
- Completed reload, in  0.997 seconds
Platform modules already initialized, skipping
Refreshing native plugins compatible for Editor in 0.43 ms, found 1 plugins.
Preloading 0 native plugins for Editor in 0.00 ms.
Unloading 1785 Unused Serialized files (Serialized files now loaded: 0)
System memory in use before: 85.1 MB.
System memory in use after: 85.1 MB.

Unloading 12 unused Assets to reduce memory usage. Loaded Objects now: 2257.
Total: 4.608200 ms (FindLiveObjects: 1.386900 ms CreateObjectMapping: 0.430600 ms MarkObjects: 2.664300 ms  DeleteObjects: 0.122600 ms)

========================================================================
Received Import Request.
  Time since last request: 132.562630 seconds.
  path: Assets/Party.txt
  artifactKey: Guid(d66423f9a4b725244b131bd62d823a16) Importer(815301076,1909f56bfc062723c751e8b465ee728b)
Start importing Assets/Party.txt using Guid(d66423f9a4b725244b131bd62d823a16) Importer(815301076,1909f56bfc062723c751e8b465ee728b)  -> (artifact id: '5b010b8b03d62057c663d254ed50dec1') in 0.011520 seconds
  Import took 0.022431 seconds .

========================================================================
Received Prepare
Registering precompiled user dll's ...
Registered in 0.001091 seconds.
Begin MonoManager ReloadAssembly
Native extension for WindowsStandalone target not found
Refreshing native plugins compatible for Editor in 0.36 ms, found 1 plugins.
Preloading 0 native plugins for Editor in 0.00 ms.
Invoked RoslynAnalysisRunner static constructor.
RoslynAnalysisRunner will not be running.
RoslynAnalysisRunner has terminated.
Mono: successfully reloaded assembly
- Completed reload, in  0.680 seconds
Platform modules already initialized, skipping
Refreshing native plugins compatible for Editor in 0.38 ms, found 1 plugins.
Preloading 0 native plugins for Editor in 0.00 ms.
Unloading 1785 Unused Serialized files (Serialized files now loaded: 0)
System memory in use before: 85.2 MB.
System memory in use after: 85.2 MB.

Unloading 12 unused Assets to reduce memory usage. Loaded Objects now: 2260.
Total: 2.328800 ms (FindLiveObjects: 0.437800 ms CreateObjectMapping: 0.129200 ms MarkObjects: 1.667700 ms  DeleteObjects: 0.091800 ms)

========================================================================
Received Import Request.
  Time since last request: 48.763684 seconds.
  path: Assets/Party.txt
  artifactKey: Guid(d66423f9a4b725244b131bd62d823a16) Importer(815301076,1909f56bfc062723c751e8b465ee728b)
Start importing Assets/Party.txt using Guid(d66423f9a4b725244b131bd62d823a16) Importer(815301076,1909f56bfc062723c751e8b465ee728b)  -> (artifact id: 'ef56b14a40fda860c0eef2abf2ea1333') in 0.011436 seconds
  Import took 0.014956 seconds .

========================================================================
Received Import Request.
  Time since last request: 0.000212 seconds.
  path: Assets/Party.txt
  artifactKey: Guid(d66423f9a4b725244b131bd62d823a16) Importer(815301076,1909f56bfc062723c751e8b465ee728b)
Start importing Assets/Party.txt using Guid(d66423f9a4b725244b131bd62d823a16) Importer(815301076,1909f56bfc062723c751e8b465ee728b)  -> (artifact id: 'ef56b14a40fda860c0eef2abf2ea1333') in 0.002360 seconds
  Import took 0.004640 seconds .

========================================================================
Received Import Request.
  Time since last request: 0.040670 seconds.
  path: Assets/Party.txt
  artifactKey: Guid(d66423f9a4b725244b131bd62d823a16) Importer(815301076,1909f56bfc062723c751e8b465ee728b)
Start importing Assets/Party.txt using Guid(d66423f9a4b725244b131bd62d823a16) Importer(815301076,1909f56bfc062723c751e8b465ee728b)  -> (artifact id: 'ef56b14a40fda860c0eef2abf2ea1333') in 0.002236 seconds
  Import took 0.004877 seconds .

========================================================================
Received Prepare
Registering precompiled user dll's ...
Registered in 0.001091 seconds.
Begin MonoManager ReloadAssembly
Native extension for WindowsStandalone target not found
Refreshing native plugins compatible for Editor in 0.44 ms, found 1 plugins.
Preloading 0 native plugins for Editor in 0.00 ms.
Invoked RoslynAnalysisRunner static constructor.
RoslynAnalysisRunner will not be running.
RoslynAnalysisRunner has terminated.
Mono: successfully reloaded assembly
- Completed reload, in  0.915 seconds
Platform modules already initialized, skipping
Refreshing native plugins compatible for Editor in 0.49 ms, found 1 plugins.
Preloading 0 native plugins for Editor in 0.00 ms.
Unloading 1785 Unused Serialized files (Serialized files now loaded: 0)
System memory in use before: 85.3 MB.
System memory in use after: 85.3 MB.

Unloading 12 unused Assets to reduce memory usage. Loaded Objects now: 2263.
Total: 3.227400 ms (FindLiveObjects: 0.393000 ms CreateObjectMapping: 0.084200 ms MarkObjects: 2.465000 ms  DeleteObjects: 0.282600 ms)

========================================================================
Received Import Request.
  Time since last request: 10.114702 seconds.
  path: Assets/Party.txt
  artifactKey: Guid(d66423f9a4b725244b131bd62d823a16) Importer(815301076,1909f56bfc062723c751e8b465ee728b)
Start importing Assets/Party.txt using Guid(d66423f9a4b725244b131bd62d823a16) Importer(815301076,1909f56bfc062723c751e8b465ee728b)  -> (artifact id: '2f1a048bcd1fda5cd6ac804786a89598') in 0.012306 seconds
  Import took 0.016314 seconds .

========================================================================
Received Import Request.
  Time since last request: 37.313501 seconds.
  path: Assets/Assignment.cs
  artifactKey: Guid(1103628904a12489da52a101bc65a29c) Importer(815301076,1909f56bfc062723c751e8b465ee728b)
Start importing Assets/Assignment.cs using Guid(1103628904a12489da52a101bc65a29c) Importer(815301076,1909f56bfc062723c751e8b465ee728b)  -> (artifact id: '61c9d20dbd5a5e624348e94bb35f6ca2') in 0.001870 seconds
  Import took 0.004532 seconds .

========================================================================
Received Import Request.
  Time since last request: 0.000436 seconds.
  path: Assets/Assignment.cs
  artifactKey: Guid(1103628904a12489da52a101bc65a29c) Importer(815301076,1909f56bfc062723c751e8b465ee728b)
Start importing Assets/Assignment.cs using Guid(1103628904a12489da52a101bc65a29c) Importer(815301076,1909f56bfc062723c751e8b465ee728b)  -> (artifact id: '61c9d20dbd5a5e624348e94bb35f6ca2') in 0.001650 seconds
  Import took 0.004324 seconds .

========================================================================
Received Prepare
Registering precompiled user dll's ...
Registered in 0.000956 seconds.
Begin MonoManager ReloadAssembly
Native extension for WindowsStandalone target not found
Refreshing native plugins compatible for Editor in 0.31 ms, found 1 plugins.
Preloading 0 native plugins for Editor in 0.00 ms.
Invoked RoslynAnalysisRunner static constructor.
RoslynAnalysisRunner will not be running.
RoslynAnalysisRunner has terminated.
Mono: successfully reloaded assembly
- Completed reload, in  0.789 seconds
Platform modules already initialized, skipping
Refreshing native plugins compatible for Editor in 0.30 ms, found 1 plugins.
Preloading 0 native plugins for Editor in 0.00 ms.
Unloading 1785 Unused Serialized files (Serialized files now loaded: 0)
System memory in use before: 85.4 MB.
System memory in use after: 85.4 MB.

Unloading 12 unused Assets to reduce memory usage. Loaded Objects now: 2266.
Total: 3.469400 ms (FindLiveObjects: 0.423700 ms CreateObjectMapping: 0.143400 ms MarkObjects: 2.797300 ms  DeleteObjects: 0.103600 ms)

========================================================================
Received Import Request.
  Time since last request: 33.298286 seconds.
  path: Assets/Assignment.cs
  artifactKey: Guid(1103628904a12489da52a101bc65a29c) Importer(815301076,1909f56bfc062723c751e8b465ee728b)
Start importing Assets/Assignment.cs using Guid(1103628904a12489da52a101bc65a29c) Importer(815301076,1909f56bfc062723c751e8b465ee728b)  -> (artifact id: '063acbd9227ef811982e4838aca17129') in 0.005446 seconds
  Import took 0.014824 seconds .

========================================================================
Received Prepare
Registering precompiled user dll's ...
Registered in 0.001451 seconds.
Begin MonoManager ReloadAssembly
Native extension for WindowsStandalone target not found
Refreshing native plugins compatible for Editor in 0.36 ms, found 1 plugins.
Preloading 0 native plugins for Editor in 0.00 ms.
Invoked RoslynAnalysisRunner static constructor.
RoslynAnalysisRunner will not be running.
RoslynAnalysisRunner has terminated.
Mono: successfully reloaded assembly
- Completed reload, in  0.736 seconds
Platform modules already initialized, skipping
Refreshing native plugins compatible for Editor in 0.32 ms, found 1 plugins.
Preloading 0 native plugins for Editor in 0.00 ms.
Unloading 1785 Unused Serialized files (Serialized files now loaded: 0)
System memory in use before: 85.4 MB.
System memory in use after: 85.4 MB.

Unloading 12 unused Assets to reduce memory usage. Loaded Objects now: 2269.
Total: 4.836600 ms (FindLiveObjects: 0.450200 ms CreateObjectMapping: 0.244400 ms MarkObjects: 3.884700 ms  DeleteObjects: 0.255500 ms)

========================================================================
Received Import Request.
  Time since last request: 15.787100 seconds.
  path: Assets/Party.txt
  artifactKey: Guid(d66423f9a4b725244b131bd62d823a16) Importer(815301076,1909f56bfc062723c751e8b465ee728b)
Start importing Assets/Party.txt using Guid(d66423f9a4b725244b131bd62d823a16) Importer(815301076,1909f56bfc062723c751e8b465ee728b)  -> (artifact id: '0d8d5b0df5f5c2ccee736556785f8d37') in 0.011193 seconds
  Import took 0.013850 seconds .

========================================================================
Received Prepare
Registering precompiled user dll's ...
Registered in 0.000949 seconds.
Begin MonoManager ReloadAssembly
Native extension for WindowsStandalone target not found
Refreshing native plugins compatible for Editor in 0.31 ms, found 1 plugins.
Preloading 0 native plugins for Editor in 0.00 ms.
Invoked RoslynAnalysisRunner static constructor.
RoslynAnalysisRunner will not be running.
RoslynAnalysisRunner has terminated.
Mono: successfully reloaded assembly
- Completed reload, in  0.762 seconds
Platform modules already initialized, skipping
Refreshing native plugins compatible for Editor in 0.41 ms, found 1 plugins.
Preloading 0 native plugins for Editor in 0.00 ms.
Unloading 1785 Unused Serialized files (Serialized files now loaded: 0)
System memory in use before: 85.5 MB.
System memory in use after: 85.5 MB.

Unloading 12 unused Assets to reduce memory usage. Loaded Objects now: 2272.
Total: 2.057600 ms (FindLiveObjects: 0.400100 ms CreateObjectMapping: 0.107100 ms MarkObjects: 1.460800 ms  DeleteObjects: 0.087400 ms)

========================================================================
Received Import Request.
  Time since last request: 40.790201 seconds.
  path: Assets/Party.txt
  artifactKey: Guid(d66423f9a4b725244b131bd62d823a16) Importer(815301076,1909f56bfc062723c751e8b465ee728b)
Start importing Assets/Party.txt using Guid(d66423f9a4b725244b131bd62d823a16) Importer(815301076,1909f56bfc062723c751e8b465ee728b)  -> (artifact id: '3ab1c40c5047e1c8241d5cb0b9cc16e2') in 0.010917 seconds
  Import took 0.021854 seconds .

========================================================================
Received Import Request.
  Time since last request: 0.038205 seconds.
  path: Assets/Party.txt
  artifactKey: Guid(d66423f9a4b725244b131bd62d823a16) Importer(815301076,1909f56bfc062723c751e8b465ee728b)
Start importing Assets/Party.txt using Guid(d66423f9a4b725244b131bd62d823a16) Importer(815301076,1909f56bfc062723c751e8b465ee728b)  -> (artifact id: '3ab1c40c5047e1c8241d5cb0b9cc16e2') in 0.002170 seconds
  Import took 0.004699 seconds .

========================================================================
Received Prepare
Registering precompiled user dll's ...
Registered in 0.001725 seconds.
Begin MonoManager ReloadAssembly
Native extension for WindowsStandalone target not found
Refreshing native plugins compatible for Editor in 1.02 ms, found 1 plugins.
Preloading 0 native plugins for Editor in 0.00 ms.
Invoked RoslynAnalysisRunner static constructor.
RoslynAnalysisRunner will not be running.
RoslynAnalysisRunner has terminated.
Mono: successfully reloaded assembly
- Completed reload, in  0.907 seconds
Platform modules already initialized, skipping
Refreshing native plugins compatible for Editor in 0.98 ms, found 1 plugins.
Preloading 0 native plugins for Editor in 0.00 ms.
Unloading 1785 Unused Serialized files (Serialized files now loaded: 0)
System memory in use before: 85.6 MB.
System memory in use after: 85.6 MB.

Unloading 12 unused Assets to reduce memory usage. Loaded Objects now: 2275.
Total: 1.893500 ms (FindLiveObjects: 0.283500 ms CreateObjectMapping: 0.072300 ms MarkObjects: 1.393500 ms  DeleteObjects: 0.143000 ms)

========================================================================
Received Import Request.
  Time since last request: 60.425852 seconds.
  path: Assets/Party.txt
  artifactKey: Guid(d66423f9a4b725244b131bd62d823a16) Importer(815301076,1909f56bfc062723c751e8b465ee728b)
Start importing Assets/Party.txt using Guid(d66423f9a4b725244b131bd62d823a16) Importer(815301076,1909f56bfc062723c751e8b465ee728b)  -> (artifact id: '07490ed074675b22561fdf49a028f5d2') in 0.010869 seconds
  Import took 0.022367 seconds .

========================================================================
Received Prepare
Registering precompiled user dll's ...
Registered in 0.001054 seconds.
Begin MonoManager ReloadAssembly
Native extension for WindowsStandalone target not found
Refreshing native plugins compatible for Editor in 0.71 ms, found 1 plugins.
Preloading 0 native plugins for Editor in 0.00 ms.
Invoked RoslynAnalysisRunner static constructor.
RoslynAnalysisRunner will not be running.
RoslynAnalysisRunner has terminated.
Mono: successfully reloaded assembly
- Completed reload, in  0.832 seconds
Platform modules already initialized, skipping
Refreshing native plugins compatible for Editor in 0.54 ms, found 1 plugins.
Preloading 0 native plugins for Editor in 0.00 ms.
Unloading 1785 Unused Serialized files (Serialized files now loaded: 0)
System memory in use before: 85.7 MB.
System memory in use after: 85.7 MB.

Unloading 12 unused Assets to reduce memory usage. Loaded Objects now: 2278.
Total: 1.860700 ms (FindLiveObjects: 0.163600 ms CreateObjectMapping: 0.056100 ms MarkObjects: 1.540200 ms  DeleteObjects: 0.100000 ms)

========================================================================
Received Prepare
Registering precompiled user dll's ...
Registered in 0.001462 seconds.
Begin MonoManager ReloadAssembly
Native extension for WindowsStandalone target not found
Refreshing native plugins compatible for Editor in 0.36 ms, found 1 plugins.
Preloading 0 native plugins for Editor in 0.00 ms.
Invoked RoslynAnalysisRunner static constructor.
RoslynAnalysisRunner will not be running.
RoslynAnalysisRunner has terminated.
Mono: successfully reloaded assembly
- Completed reload, in  0.838 seconds
Platform modules already initialized, skipping
Refreshing native plugins compatible for Editor in 0.31 ms, found 1 plugins.
Preloading 0 native plugins for Editor in 0.00 ms.
Unloading 1785 Unused Serialized files (Serialized files now loaded: 0)
System memory in use before: 85.7 MB.
System memory in use after: 85.7 MB.

Unloading 12 unused Assets to reduce memory usage. Loaded Objects now: 2281.
Total: 1.675300 ms (FindLiveObjects: 0.230600 ms CreateObjectMapping: 0.091200 ms MarkObjects: 1.269800 ms  DeleteObjects: 0.082300 ms)

========================================================================
Received Import Request.
  Time since last request: 45.691581 seconds.
  path: Assets/Party.txt
  artifactKey: Guid(d66423f9a4b725244b131bd62d823a16) Importer(815301076,1909f56bfc062723c751e8b465ee728b)
Start importing Assets/Party.txt using Guid(d66423f9a4b725244b131bd62d823a16) Importer(815301076,1909f56bfc062723c751e8b465ee728b)  -> (artifact id: 'cfc9630770e698268019ee0626808694') in 0.011636 seconds
  Import took 0.013923 seconds .

AssetImportWorkerClient::OnTransportError - code=2 error=End of file
